{
  "RSpec": {
    "coverage": {
      "/home/roshanakagahi/tic-tac-toe-rb-online-web-sp-000/lib/tic_tac_toe.rb": [
        1,
        0,
        0,
        0,
        0,
        0,
        null,
        null,
        1,
        13,
        null,
        null,
        1,
        12,
        12,
        108,
        5,
        null,
        null,
        12,
        null,
        null,
        1,
        11,
        null,
        null,
        1,
        12,
        null,
        null,
        1,
        17,
        14,
        null,
        3,
        null,
        null,
        null,
        1,
        13,
        10,
        null,
        3,
        null,
        null,
        null,
        1,
        10,
        10,
        10,
        10,
        10,
        9,
        9,
        null,
        1,
        null,
        null,
        null,
        1,
        12,
        7,
        null,
        5,
        2,
        null,
        3,
        null,
        null,
        null,
        null,
        null,
        null,
        1,
        null,
        null,
        null,
        null,
        null,
        null,
        null,
        null,
        null,
        1,
        27,
        392,
        11,
        314,
        5,
        null,
        null,
        null,
        null,
        null,
        1,
        129,
        null,
        null,
        1,
        16,
        null,
        null,
        1,
        11,
        null,
        null,
        1,
        6,
        5,
        null,
        null
      ]
    },
    "timestamp": 1573085622
  }
}
